2019-04-22 23:16:47,231 - basepage - INFO - 获取('xpath', "//a[contains(@class,'login')]")元素成功 - [base.py:38]
2019-04-22 23:16:49,681 - basepage - INFO - 获取('xpath', "//input[contains(@name,'account')]")元素成功 - [base.py:38]
2019-04-22 23:16:50,466 - basepage - INFO - SendKeys 17751810779 in ('xpath', "//input[contains(@name,'account')]") success. - [base.py:69]
2019-04-22 23:16:50,778 - basepage - INFO - 获取('xpath', "//input[contains(@type,'password')]")元素成功 - [base.py:38]
2019-04-22 23:16:51,608 - basepage - INFO - SendKeys wrz19960529. in ('xpath', "//input[contains(@type,'password')]") success. - [base.py:69]
2019-04-22 23:16:51,912 - basepage - INFO - 获取('xpath', "//div[@class='padding-cont pt-login']//a[@class='btn-btn']")元素成功 - [base.py:38]
2019-04-22 23:16:59,739 - basepage - INFO - 获取('xpath', "//a[contains(@class,'kdmore')]")元素成功 - [base.py:38]
2019-04-22 23:17:00,563 - basepage - INFO - 获取('xpath', "//span[contains(.,'UEPLPQ')]/ancestor::dl//a[contains(.,'退课')]")元素成功 - [base.py:38]
2019-04-22 23:17:01,461 - basepage - INFO - 获取('xpath', "//input[contains(@type,'password')]")元素成功 - [base.py:38]
2019-04-22 23:17:02,688 - basepage - INFO - 获取('xpath', "//a[@class='btn btn-positive'][contains(.,'退课')]")元素成功 - [base.py:38]
2019-04-22 23:17:03,596 - basepage - INFO - 获取('xpath', "//div[@class='ktcon1l fl'][contains(.,'加入班级')]")元素成功 - [base.py:38]
2019-04-22 23:17:05,045 - basepage - INFO - 获取('xpath', "//input[@type='text']")元素成功 - [base.py:38]
2019-04-22 23:17:05,770 - basepage - INFO - 获取('xpath', "//a[contains(.,'加入')]")元素成功 - [base.py:38]
2019-04-22 23:17:26,684 - basepage - ERROR - 相对时间内没有定位到('xpath', "//*[@id='error-tip']/span")元素 - [base.py:57]
2019-04-22 23:17:27,024 - basepage - INFO - 获取('xpath', "//div[@class='ktcon1l fl'][contains(.,'加入班级')]")元素成功 - [base.py:38]
2019-04-22 23:26:15,002 - basepage - INFO - 获取('xpath', "//a[contains(@class,'login')]")元素成功 - [base.py:38]
2019-04-22 23:26:16,643 - basepage - INFO - 获取('xpath', "//input[contains(@name,'account')]")元素成功 - [base.py:38]
2019-04-22 23:26:17,391 - basepage - INFO - SendKeys 17751810779 in ('xpath', "//input[contains(@name,'account')]") success. - [base.py:69]
2019-04-22 23:26:17,637 - basepage - INFO - 获取('xpath', "//input[contains(@type,'password')]")元素成功 - [base.py:38]
2019-04-22 23:26:18,370 - basepage - INFO - SendKeys wrz19960529. in ('xpath', "//input[contains(@type,'password')]") success. - [base.py:69]
2019-04-22 23:26:18,593 - basepage - INFO - 获取('xpath', "//div[@class='padding-cont pt-login']//a[@class='btn-btn']")元素成功 - [base.py:38]
2019-04-22 23:26:39,251 - basepage - ERROR - 相对时间内没有定位到('xpath', "//a[contains(@class,'kdmore')]")元素 - [base.py:41]
2019-04-22 23:27:27,149 - basepage - INFO - 获取('xpath', "//a[contains(@class,'login')]")元素成功 - [base.py:38]
2019-04-22 23:27:28,785 - basepage - INFO - 获取('xpath', "//input[contains(@name,'account')]")元素成功 - [base.py:38]
2019-04-22 23:27:29,572 - basepage - INFO - SendKeys 17751810779 in ('xpath', "//input[contains(@name,'account')]") success. - [base.py:69]
2019-04-22 23:27:29,857 - basepage - INFO - 获取('xpath', "//input[contains(@type,'password')]")元素成功 - [base.py:38]
2019-04-22 23:27:30,907 - basepage - INFO - SendKeys wrz19960529. in ('xpath', "//input[contains(@type,'password')]") success. - [base.py:69]
2019-04-22 23:27:31,190 - basepage - INFO - 获取('xpath', "//div[@class='padding-cont pt-login']//a[@class='btn-btn']")元素成功 - [base.py:38]
2019-04-22 23:27:38,472 - basepage - INFO - 获取('xpath', "//a[contains(@class,'kdmore')]")元素成功 - [base.py:38]
2019-04-22 23:27:39,298 - basepage - INFO - 获取('xpath', "//span[contains(.,'UEPLPQ')]/ancestor::dl//a[contains(.,'退课')]")元素成功 - [base.py:38]
2019-04-22 23:27:40,052 - basepage - INFO - 获取('xpath', "//input[contains(@type,'password')]")元素成功 - [base.py:38]
2019-04-22 23:27:41,025 - basepage - INFO - 获取('xpath', "//a[@class='btn btn-positive'][contains(.,'退课')]")元素成功 - [base.py:38]
2019-04-22 23:27:42,296 - basepage - INFO - 获取('xpath', "//div[@class='ktcon1l fl'][contains(.,'加入班级')]")元素成功 - [base.py:38]
2019-04-22 23:27:43,857 - basepage - INFO - 获取('xpath', "//input[@type='text']")元素成功 - [base.py:38]
2019-04-22 23:27:44,657 - basepage - INFO - 获取('xpath', "//a[contains(.,'加入')]")元素成功 - [base.py:38]
2019-04-22 23:27:46,000 - basepage - ERROR - 相对时间内没有定位到('xpath', "//span[contains(., '加入课堂成功')]")元素 - [base.py:57]
2019-04-22 23:28:41,213 - basepage - INFO - 获取('xpath', "//a[contains(@class,'login')]")元素成功 - [base.py:38]
2019-04-22 23:28:42,639 - basepage - INFO - 获取('xpath', "//input[contains(@name,'account')]")元素成功 - [base.py:38]
2019-04-22 23:28:43,379 - basepage - INFO - SendKeys 17751810779 in ('xpath', "//input[contains(@name,'account')]") success. - [base.py:69]
2019-04-22 23:28:43,654 - basepage - INFO - 获取('xpath', "//input[contains(@type,'password')]")元素成功 - [base.py:38]
2019-04-22 23:28:44,443 - basepage - INFO - SendKeys wrz19960529. in ('xpath', "//input[contains(@type,'password')]") success. - [base.py:69]
2019-04-22 23:28:44,733 - basepage - INFO - 获取('xpath', "//div[@class='padding-cont pt-login']//a[@class='btn-btn']")元素成功 - [base.py:38]
2019-04-22 23:28:55,419 - basepage - INFO - 获取('xpath', "//a[contains(@class,'kdmore')]")元素成功 - [base.py:38]
2019-04-22 23:28:56,183 - basepage - INFO - 获取('xpath', "//span[contains(.,'UEPLPQ')]/ancestor::dl//a[contains(.,'退课')]")元素成功 - [base.py:38]
2019-04-22 23:28:56,929 - basepage - INFO - 获取('xpath', "//input[contains(@type,'password')]")元素成功 - [base.py:38]
2019-04-22 23:28:57,922 - basepage - INFO - 获取('xpath', "//a[@class='btn btn-positive'][contains(.,'退课')]")元素成功 - [base.py:38]
2019-04-22 23:28:59,139 - basepage - INFO - 获取('xpath', "//div[@class='ktcon1l fl'][contains(.,'加入班级')]")元素成功 - [base.py:38]
2019-04-22 23:29:00,606 - basepage - INFO - 获取('xpath', "//input[@type='text']")元素成功 - [base.py:38]
2019-04-22 23:29:01,488 - basepage - INFO - 获取('xpath', "//a[contains(.,'加入')]")元素成功 - [base.py:38]
2019-04-22 23:29:03,057 - basepage - INFO - 获取('xpath', "//span[contains(., '加入课堂成功')]")元素成功 - [base.py:38]
2019-04-22 23:29:03,229 - test_join_class - INFO - success - [test_join_class.py:35]
2019-04-22 23:29:03,229 - test_join_class - INFO - success - [test_join_class.py:35]
2019-04-22 23:34:37,455 - basepage - INFO - 获取('xpath', "//a[contains(@class,'login')]")元素成功 - [base.py:38]
2019-04-22 23:34:39,165 - basepage - INFO - 获取('xpath', "//input[contains(@name,'account')]")元素成功 - [base.py:38]
2019-04-22 23:34:39,887 - basepage - INFO - SendKeys 17751810779 in ('xpath', "//input[contains(@name,'account')]") success. - [base.py:69]
2019-04-22 23:34:40,143 - basepage - INFO - 获取('xpath', "//input[contains(@type,'password')]")元素成功 - [base.py:38]
2019-04-22 23:34:41,132 - basepage - INFO - SendKeys wrz19960529. in ('xpath', "//input[contains(@type,'password')]") success. - [base.py:69]
2019-04-22 23:34:41,386 - basepage - INFO - 获取('xpath', "//div[@class='padding-cont pt-login']//a[@class='btn-btn']")元素成功 - [base.py:38]
2019-04-22 23:34:48,699 - basepage - INFO - 获取('xpath', "//a[contains(@class,'kdmore')]")元素成功 - [base.py:38]
2019-04-22 23:34:49,447 - basepage - INFO - 获取('xpath', "//span[contains(.,'UEPLPQ')]/ancestor::dl//a[contains(.,'退课')]")元素成功 - [base.py:38]
2019-04-22 23:34:50,177 - basepage - INFO - 获取('xpath', "//input[contains(@type,'password')]")元素成功 - [base.py:38]
2019-04-22 23:34:51,111 - basepage - INFO - 获取('xpath', "//a[@class='btn btn-positive'][contains(.,'退课')]")元素成功 - [base.py:38]
2019-04-22 23:34:51,962 - basepage - INFO - 获取('xpath', "//div[@class='ktcon1l fl'][contains(.,'加入班级')]")元素成功 - [base.py:38]
2019-04-22 23:34:53,425 - basepage - INFO - 获取('xpath', "//input[@type='text']")元素成功 - [base.py:38]
2019-04-22 23:34:54,207 - basepage - INFO - 获取('xpath', "//a[contains(.,'加入')]")元素成功 - [base.py:38]
2019-04-22 23:35:14,935 - basepage - ERROR - 相对时间内没有定位到('xpath', "//span[contains(., '加入课堂成功')]")元素 - [base.py:41]
2019-04-22 23:35:15,306 - basepage - INFO - 获取('xpath', "//div[@class='ktcon1l fl'][contains(.,'加入班级')]")元素成功 - [base.py:38]
2019-04-22 23:35:16,103 - basepage - INFO - 获取('xpath', "//input[@type='text']")元素成功 - [base.py:38]
2019-04-22 23:35:37,051 - basepage - ERROR - 相对时间内没有定位到('xpath', "//a[contains(.,'加入')]")元素 - [base.py:41]
2019-04-22 23:35:37,360 - basepage - INFO - 获取('xpath', "//div[@class='ktcon1l fl'][contains(.,'加入班级')]")元素成功 - [base.py:38]
2019-04-22 23:36:53,296 - basepage - INFO - 获取('xpath', "//a[contains(@class,'login')]")元素成功 - [base.py:38]
2019-04-22 23:36:55,227 - basepage - INFO - 获取('xpath', "//input[contains(@name,'account')]")元素成功 - [base.py:38]
2019-04-22 23:36:56,003 - basepage - INFO - SendKeys 17751810779 in ('xpath', "//input[contains(@name,'account')]") success. - [base.py:69]
2019-04-22 23:36:56,256 - basepage - INFO - 获取('xpath', "//input[contains(@type,'password')]")元素成功 - [base.py:38]
2019-04-22 23:36:57,028 - basepage - INFO - SendKeys wrz19960529. in ('xpath', "//input[contains(@type,'password')]") success. - [base.py:69]
2019-04-22 23:36:57,275 - basepage - INFO - 获取('xpath', "//div[@class='padding-cont pt-login']//a[@class='btn-btn']")元素成功 - [base.py:38]
2019-04-22 23:37:04,215 - basepage - INFO - 获取('xpath', "//a[contains(@class,'kdmore')]")元素成功 - [base.py:38]
2019-04-22 23:37:04,987 - basepage - INFO - 获取('xpath', "//span[contains(.,'UEPLPQ')]/ancestor::dl//a[contains(.,'退课')]")元素成功 - [base.py:38]
2019-04-22 23:37:05,804 - basepage - INFO - 获取('xpath', "//input[contains(@type,'password')]")元素成功 - [base.py:38]
2019-04-22 23:37:06,812 - basepage - INFO - 获取('xpath', "//a[@class='btn btn-positive'][contains(.,'退课')]")元素成功 - [base.py:38]
2019-04-22 23:37:51,466 - basepage - INFO - 获取('xpath', "//div[@class='ktcon1l fl'][contains(.,'加入班级')]")元素成功 - [base.py:38]
2019-04-22 23:37:52,465 - basepage - INFO - 获取('xpath', "//input[@type='text']")元素成功 - [base.py:38]
2019-04-22 23:37:53,936 - basepage - INFO - 获取('xpath', "//a[contains(.,'加入')]")元素成功 - [base.py:38]
2019-04-22 23:38:19,804 - basepage - INFO - 获取('xpath', "//a[contains(@class,'login')]")元素成功 - [base.py:38]
2019-04-22 23:38:21,630 - basepage - INFO - 获取('xpath', "//input[contains(@name,'account')]")元素成功 - [base.py:38]
2019-04-22 23:38:22,593 - basepage - INFO - SendKeys 17751810779 in ('xpath', "//input[contains(@name,'account')]") success. - [base.py:69]
2019-04-22 23:38:22,952 - basepage - INFO - 获取('xpath', "//input[contains(@type,'password')]")元素成功 - [base.py:38]
2019-04-22 23:38:23,913 - basepage - INFO - SendKeys wrz19960529. in ('xpath', "//input[contains(@type,'password')]") success. - [base.py:69]
2019-04-22 23:38:24,272 - basepage - INFO - 获取('xpath', "//div[@class='padding-cont pt-login']//a[@class='btn-btn']")元素成功 - [base.py:38]
2019-04-22 23:38:32,299 - basepage - INFO - 获取('xpath', "//a[contains(@class,'kdmore')]")元素成功 - [base.py:38]
2019-04-22 23:38:33,072 - basepage - INFO - 获取('xpath', "//span[contains(.,'UEPLPQ')]/ancestor::dl//a[contains(.,'退课')]")元素成功 - [base.py:38]
2019-04-22 23:38:33,812 - basepage - INFO - 获取('xpath', "//input[contains(@type,'password')]")元素成功 - [base.py:38]
2019-04-22 23:38:34,742 - basepage - INFO - 获取('xpath', "//a[@class='btn btn-positive'][contains(.,'退课')]")元素成功 - [base.py:38]
2019-04-22 23:38:35,765 - basepage - INFO - 获取('xpath', "//div[@class='ktcon1l fl'][contains(.,'加入班级')]")元素成功 - [base.py:38]
2019-04-22 23:38:37,133 - basepage - INFO - 获取('xpath', "//input[@type='text']")元素成功 - [base.py:38]
2019-04-22 23:38:37,994 - basepage - INFO - 获取('xpath', "//a[contains(.,'加入')]")元素成功 - [base.py:38]
2019-04-22 23:38:58,918 - basepage - ERROR - 相对时间内没有定位到('xpath', "//span[contains(., '加入课堂成功')]")元素 - [base.py:41]
2019-04-22 23:38:59,298 - basepage - INFO - 获取('xpath', "//div[@class='ktcon1l fl'][contains(.,'加入班级')]")元素成功 - [base.py:38]
2019-04-22 23:39:00,044 - basepage - INFO - 获取('xpath', "//input[@type='text']")元素成功 - [base.py:38]
2019-04-22 23:39:21,027 - basepage - ERROR - 相对时间内没有定位到('xpath', "//a[contains(.,'加入')]")元素 - [base.py:41]
2019-04-22 23:39:21,330 - basepage - INFO - 获取('xpath', "//div[@class='ktcon1l fl'][contains(.,'加入班级')]")元素成功 - [base.py:38]
2019-04-22 23:39:22,044 - basepage - INFO - 获取('xpath', "//input[@type='text']")元素成功 - [base.py:38]
2019-04-22 23:39:42,744 - basepage - ERROR - 相对时间内没有定位到('xpath', "//a[contains(.,'加入')]")元素 - [base.py:41]
2019-04-22 23:40:04,200 - basepage - INFO - 获取('xpath', "//a[contains(@class,'login')]")元素成功 - [base.py:38]
2019-04-22 23:40:05,755 - basepage - INFO - 获取('xpath', "//input[contains(@name,'account')]")元素成功 - [base.py:38]
2019-04-22 23:40:06,489 - basepage - INFO - SendKeys 17751810779 in ('xpath', "//input[contains(@name,'account')]") success. - [base.py:69]
2019-04-22 23:40:06,802 - basepage - INFO - 获取('xpath', "//input[contains(@type,'password')]")元素成功 - [base.py:38]
2019-04-22 23:40:07,534 - basepage - INFO - SendKeys wrz19960529. in ('xpath', "//input[contains(@type,'password')]") success. - [base.py:69]
2019-04-22 23:40:07,779 - basepage - INFO - 获取('xpath', "//div[@class='padding-cont pt-login']//a[@class='btn-btn']")元素成功 - [base.py:38]
2019-04-22 23:40:14,925 - basepage - INFO - 获取('xpath', "//a[contains(@class,'kdmore')]")元素成功 - [base.py:38]
2019-04-22 23:40:15,670 - basepage - INFO - 获取('xpath', "//span[contains(.,'UEPLPQ')]/ancestor::dl//a[contains(.,'退课')]")元素成功 - [base.py:38]
2019-04-22 23:40:16,440 - basepage - INFO - 获取('xpath', "//input[contains(@type,'password')]")元素成功 - [base.py:38]
2019-04-22 23:40:17,364 - basepage - INFO - 获取('xpath', "//a[@class='btn btn-positive'][contains(.,'退课')]")元素成功 - [base.py:38]
2019-04-22 23:40:18,335 - basepage - INFO - 获取('xpath', "//div[@class='ktcon1l fl'][contains(.,'加入班级')]")元素成功 - [base.py:38]
2019-04-22 23:40:19,658 - basepage - INFO - 获取('xpath', "//input[@type='text']")元素成功 - [base.py:38]
2019-04-22 23:40:20,440 - basepage - INFO - 获取('xpath', "//a[contains(.,'加入')]")元素成功 - [base.py:38]
2019-04-22 23:40:41,464 - basepage - ERROR - 相对时间内没有定位到('xpath', "//span[contains(., '加入课堂成功')]")元素 - [base.py:41]
2019-04-22 23:40:41,873 - basepage - INFO - 获取('xpath', "//div[@class='ktcon1l fl'][contains(.,'加入班级')]")元素成功 - [base.py:38]
2019-04-22 23:40:42,742 - basepage - INFO - 获取('xpath', "//input[@type='text']")元素成功 - [base.py:38]
2019-04-22 23:41:23,326 - basepage - INFO - 获取('xpath', "//a[contains(@class,'login')]")元素成功 - [base.py:38]
2019-04-22 23:41:24,784 - basepage - INFO - 获取('xpath', "//input[contains(@name,'account')]")元素成功 - [base.py:38]
2019-04-22 23:41:25,545 - basepage - INFO - SendKeys 17751810779 in ('xpath', "//input[contains(@name,'account')]") success. - [base.py:69]
2019-04-22 23:41:25,831 - basepage - INFO - 获取('xpath', "//input[contains(@type,'password')]")元素成功 - [base.py:38]
2019-04-22 23:41:26,623 - basepage - INFO - SendKeys wrz19960529. in ('xpath', "//input[contains(@type,'password')]") success. - [base.py:69]
2019-04-22 23:41:26,875 - basepage - INFO - 获取('xpath', "//div[@class='padding-cont pt-login']//a[@class='btn-btn']")元素成功 - [base.py:38]
2019-04-22 23:41:34,192 - basepage - INFO - 获取('xpath', "//a[contains(@class,'kdmore')]")元素成功 - [base.py:38]
2019-04-22 23:41:34,953 - basepage - INFO - 获取('xpath', "//span[contains(.,'UEPLPQ')]/ancestor::dl//a[contains(.,'退课')]")元素成功 - [base.py:38]
2019-04-22 23:41:35,702 - basepage - INFO - 获取('xpath', "//input[contains(@type,'password')]")元素成功 - [base.py:38]
2019-04-22 23:41:36,625 - basepage - INFO - 获取('xpath', "//a[@class='btn btn-positive'][contains(.,'退课')]")元素成功 - [base.py:38]
2019-04-22 23:41:37,637 - basepage - INFO - 获取('xpath', "//div[@class='ktcon1l fl'][contains(.,'加入班级')]")元素成功 - [base.py:38]
2019-04-22 23:41:39,091 - basepage - INFO - 获取('xpath', "//input[@type='text']")元素成功 - [base.py:38]
2019-04-22 23:41:39,769 - basepage - INFO - 获取('xpath', "//a[contains(.,'加入')]")元素成功 - [base.py:38]
2019-04-22 23:42:00,377 - basepage - ERROR - 相对时间内没有定位到('xpath', "//span[contains(., '不存在')]")元素 - [base.py:41]
2019-04-22 23:42:00,717 - basepage - INFO - 获取('xpath', "//div[@class='ktcon1l fl'][contains(.,'加入班级')]")元素成功 - [base.py:38]
2019-04-22 23:43:19,794 - basepage - INFO - 获取('xpath', "//a[contains(@class,'login')]")元素成功 - [base.py:38]
2019-04-22 23:43:21,363 - basepage - INFO - 获取('xpath', "//input[contains(@name,'account')]")元素成功 - [base.py:38]
2019-04-22 23:43:22,141 - basepage - INFO - SendKeys 17751810779 in ('xpath', "//input[contains(@name,'account')]") success. - [base.py:69]
2019-04-22 23:43:22,415 - basepage - INFO - 获取('xpath', "//input[contains(@type,'password')]")元素成功 - [base.py:38]
2019-04-22 23:43:23,203 - basepage - INFO - SendKeys wrz19960529. in ('xpath', "//input[contains(@type,'password')]") success. - [base.py:69]
2019-04-22 23:43:23,494 - basepage - INFO - 获取('xpath', "//div[@class='padding-cont pt-login']//a[@class='btn-btn']")元素成功 - [base.py:38]
2019-04-22 23:43:30,759 - basepage - INFO - 获取('xpath', "//a[contains(@class,'kdmore')]")元素成功 - [base.py:38]
2019-04-22 23:43:31,579 - basepage - INFO - 获取('xpath', "//span[contains(.,'UEPLPQ')]/ancestor::dl//a[contains(.,'退课')]")元素成功 - [base.py:38]
2019-04-22 23:43:32,345 - basepage - INFO - 获取('xpath', "//input[contains(@type,'password')]")元素成功 - [base.py:38]
2019-04-22 23:43:33,364 - basepage - INFO - 获取('xpath', "//a[@class='btn btn-positive'][contains(.,'退课')]")元素成功 - [base.py:38]
2019-04-22 23:43:34,484 - basepage - INFO - 获取('xpath', "//div[@class='ktcon1l fl'][contains(.,'加入班级')]")元素成功 - [base.py:38]
2019-04-22 23:43:35,978 - basepage - INFO - 获取('xpath', "//input[@type='text']")元素成功 - [base.py:38]
2019-04-22 23:43:36,844 - basepage - INFO - 获取('xpath', "//a[contains(.,'加入')]")元素成功 - [base.py:38]
2019-04-22 23:43:57,576 - basepage - ERROR - 相对时间内没有定位到('xpath', "//span[contains(., '你已经选过此课程')]")元素 - [base.py:41]
2019-04-22 23:43:57,981 - basepage - INFO - 获取('xpath', "//div[@class='ktcon1l fl'][contains(.,'加入班级')]")元素成功 - [base.py:38]
2019-04-22 23:43:58,849 - basepage - INFO - 获取('xpath', "//input[@type='text']")元素成功 - [base.py:38]
2019-04-22 23:44:19,855 - basepage - ERROR - 相对时间内没有定位到('xpath', "//a[contains(.,'加入')]")元素 - [base.py:41]
2019-04-22 23:45:21,412 - basepage - INFO - 获取('xpath', "//a[contains(@class,'login')]")元素成功 - [base.py:38]
2019-04-22 23:45:23,389 - basepage - INFO - 获取('xpath', "//input[contains(@name,'account')]")元素成功 - [base.py:38]
2019-04-22 23:45:24,287 - basepage - INFO - SendKeys 17751810779 in ('xpath', "//input[contains(@name,'account')]") success. - [base.py:69]
2019-04-22 23:45:24,605 - basepage - INFO - 获取('xpath', "//input[contains(@type,'password')]")元素成功 - [base.py:38]
2019-04-22 23:45:25,558 - basepage - INFO - SendKeys wrz19960529. in ('xpath', "//input[contains(@type,'password')]") success. - [base.py:69]
2019-04-22 23:45:25,874 - basepage - INFO - 获取('xpath', "//div[@class='padding-cont pt-login']//a[@class='btn-btn']")元素成功 - [base.py:38]
2019-04-22 23:45:33,820 - basepage - INFO - 获取('xpath', "//a[contains(@class,'kdmore')]")元素成功 - [base.py:38]
2019-04-22 23:45:34,786 - basepage - INFO - 获取('xpath', "//span[contains(.,'UEPLPQ')]/ancestor::dl//a[contains(.,'退课')]")元素成功 - [base.py:38]
2019-04-22 23:45:35,687 - basepage - INFO - 获取('xpath', "//input[contains(@type,'password')]")元素成功 - [base.py:38]
2019-04-22 23:45:36,782 - basepage - INFO - 获取('xpath', "//a[@class='btn btn-positive'][contains(.,'退课')]")元素成功 - [base.py:38]
2019-04-22 23:45:37,826 - basepage - INFO - 获取('xpath', "//div[@class='ktcon1l fl'][contains(.,'加入班级')]")元素成功 - [base.py:38]
2019-04-22 23:45:39,370 - basepage - INFO - 获取('xpath', "//input[@type='text']")元素成功 - [base.py:38]
2019-04-22 23:45:40,325 - basepage - INFO - 获取('xpath', "//a[contains(.,'加入')]")元素成功 - [base.py:38]
2019-04-22 23:46:01,511 - basepage - ERROR - 相对时间内没有定位到('xpath', "//span[contains(., '你已经选过此课程')]")元素 - [base.py:41]
2019-04-22 23:46:01,942 - basepage - INFO - 获取('xpath', "//div[@class='ktcon1l fl'][contains(.,'加入班级')]")元素成功 - [base.py:38]
2019-04-22 23:46:02,700 - basepage - INFO - 获取('xpath', "//input[@type='text']")元素成功 - [base.py:38]
2019-04-22 23:46:23,793 - basepage - ERROR - 相对时间内没有定位到('xpath', "//a[contains(.,'加入')]")元素 - [base.py:41]
2019-04-22 23:48:22,932 - basepage - INFO - 获取('xpath', "//a[contains(@class,'login')]")元素成功 - [base.py:38]
2019-04-22 23:48:24,701 - basepage - INFO - 获取('xpath', "//input[contains(@name,'account')]")元素成功 - [base.py:38]
2019-04-22 23:48:25,504 - basepage - INFO - SendKeys 17751810779 in ('xpath', "//input[contains(@name,'account')]") success. - [base.py:69]
2019-04-22 23:48:25,813 - basepage - INFO - 获取('xpath', "//input[contains(@type,'password')]")元素成功 - [base.py:38]
2019-04-22 23:48:26,636 - basepage - INFO - SendKeys wrz19960529. in ('xpath', "//input[contains(@type,'password')]") success. - [base.py:69]
2019-04-22 23:48:26,926 - basepage - INFO - 获取('xpath', "//div[@class='padding-cont pt-login']//a[@class='btn-btn']")元素成功 - [base.py:38]
2019-04-22 23:48:34,294 - basepage - INFO - 获取('xpath', "//a[contains(@class,'kdmore')]")元素成功 - [base.py:38]
2019-04-22 23:48:35,118 - basepage - INFO - 获取('xpath', "//span[contains(.,'UEPLPQ')]/ancestor::dl//a[contains(.,'退课')]")元素成功 - [base.py:38]
2019-04-22 23:48:35,917 - basepage - INFO - 获取('xpath', "//input[contains(@type,'password')]")元素成功 - [base.py:38]
2019-04-22 23:48:36,906 - basepage - INFO - 获取('xpath', "//a[@class='btn btn-positive'][contains(.,'退课')]")元素成功 - [base.py:38]
2019-04-22 23:48:38,590 - basepage - INFO - 获取('xpath', "//div[@class='ktcon1l fl'][contains(.,'加入班级')]")元素成功 - [base.py:38]
2019-04-22 23:48:39,563 - basepage - INFO - 获取('xpath', "//input[@type='text']")元素成功 - [base.py:38]
2019-04-22 23:48:40,565 - basepage - INFO - 获取('xpath', "//a[contains(.,'加入')]")元素成功 - [base.py:38]
2019-04-22 23:49:01,643 - basepage - ERROR - 相对时间内没有定位到('xpath', "//span[contains(., '你已经选过此课程')]")元素 - [base.py:41]
2019-04-22 23:49:03,320 - basepage - INFO - 获取('xpath', "//div[@class='ktcon1l fl'][contains(.,'加入班级')]")元素成功 - [base.py:38]
2019-04-22 23:49:04,169 - basepage - INFO - 获取('xpath', "//input[@type='text']")元素成功 - [base.py:38]
2019-04-22 23:49:05,019 - basepage - INFO - 获取('xpath', "//a[contains(.,'加入')]")元素成功 - [base.py:38]
2019-04-22 23:49:06,591 - basepage - INFO - 获取('xpath', "//span[contains(., '不存在')]")元素成功 - [base.py:38]
2019-04-22 23:49:06,759 - test_join_class - INFO - success - [test_join_class.py:54]
2019-04-22 23:49:06,759 - test_join_class - INFO - success - [test_join_class.py:54]
2019-04-22 23:50:15,439 - basepage - INFO - 获取('xpath', "//a[contains(@class,'login')]")元素成功 - [base.py:38]
2019-04-22 23:50:17,263 - basepage - INFO - 获取('xpath', "//input[contains(@name,'account')]")元素成功 - [base.py:38]
2019-04-22 23:50:18,303 - basepage - INFO - SendKeys 17751810779 in ('xpath', "//input[contains(@name,'account')]") success. - [base.py:69]
2019-04-22 23:50:18,596 - basepage - INFO - 获取('xpath', "//input[contains(@type,'password')]")元素成功 - [base.py:38]
2019-04-22 23:50:19,407 - basepage - INFO - SendKeys wrz19960529. in ('xpath', "//input[contains(@type,'password')]") success. - [base.py:69]
2019-04-22 23:50:19,736 - basepage - INFO - 获取('xpath', "//div[@class='padding-cont pt-login']//a[@class='btn-btn']")元素成功 - [base.py:38]
2019-04-22 23:50:27,585 - basepage - INFO - 获取('xpath', "//a[contains(@class,'kdmore')]")元素成功 - [base.py:38]
2019-04-22 23:50:28,410 - basepage - INFO - 获取('xpath', "//span[contains(.,'UEPLPQ')]/ancestor::dl//a[contains(.,'退课')]")元素成功 - [base.py:38]
2019-04-22 23:50:29,209 - basepage - INFO - 获取('xpath', "//input[contains(@type,'password')]")元素成功 - [base.py:38]
2019-04-22 23:50:30,207 - basepage - INFO - 获取('xpath', "//a[@class='btn btn-positive'][contains(.,'退课')]")元素成功 - [base.py:38]
2019-04-22 23:50:32,088 - basepage - INFO - 获取('xpath', "//div[@class='ktcon1l fl'][contains(.,'加入班级')]")元素成功 - [base.py:38]
2019-04-22 23:50:33,112 - basepage - INFO - 获取('xpath', "//input[@type='text']")元素成功 - [base.py:38]
2019-04-22 23:50:34,040 - basepage - INFO - 获取('xpath', "//a[contains(.,'加入')]")元素成功 - [base.py:38]
2019-04-22 23:50:35,613 - basepage - INFO - 获取('xpath', "//span[contains(., '加入课堂成功')]")元素成功 - [base.py:38]
2019-04-22 23:50:35,816 - test_join_class - INFO - success - [test_join_class.py:36]
2019-04-22 23:50:35,816 - test_join_class - INFO - success - [test_join_class.py:36]
2019-04-22 23:50:36,895 - basepage - INFO - 获取('xpath', "//div[@class='ktcon1l fl'][contains(.,'加入班级')]")元素成功 - [base.py:38]
2019-04-22 23:50:37,719 - basepage - INFO - 获取('xpath', "//input[@type='text']")元素成功 - [base.py:38]
2019-04-22 23:50:38,672 - basepage - INFO - 获取('xpath', "//a[contains(.,'加入')]")元素成功 - [base.py:38]
2019-04-22 23:50:40,189 - basepage - INFO - 获取('xpath', "//span[contains(., '你已经选过此课程')]")元素成功 - [base.py:38]
2019-04-22 23:50:40,381 - test_join_class - INFO - success - [test_join_class.py:54]
2019-04-22 23:50:40,381 - test_join_class - INFO - success - [test_join_class.py:54]
2019-04-22 23:50:41,435 - basepage - INFO - 获取('xpath', "//div[@class='ktcon1l fl'][contains(.,'加入班级')]")元素成功 - [base.py:38]
2019-04-22 23:50:42,368 - basepage - INFO - 获取('xpath', "//input[@type='text']")元素成功 - [base.py:38]
2019-04-22 23:50:43,251 - basepage - INFO - 获取('xpath', "//a[contains(.,'加入')]")元素成功 - [base.py:38]
2019-04-22 23:50:45,308 - basepage - INFO - 获取('xpath', "//span[contains(., '不存在')]")元素成功 - [base.py:38]
2019-04-22 23:50:45,461 - test_join_class - INFO - success - [test_join_class.py:54]
2019-04-22 23:50:45,461 - test_join_class - INFO - success - [test_join_class.py:54]
